\BOOKMARK [1][-]{section.1}{\376\377\000H\000a\000r\000d\000w\000a\000r\000e}{}% 1
\BOOKMARK [1][-]{section.2}{\376\377\000S\000o\000f\000t\000w\000a\000r\000e}{}% 2
\BOOKMARK [2][-]{subsection.2.1}{\376\377\000A\000r\000c\000h\000i\000t\000e\000c\000t\000u\000r\000e}{section.2}% 3
\BOOKMARK [3][-]{subsubsection.2.1.1}{\376\377\000E\000m\000b\000e\000d\000d\000e\000d\000\040\000P\000l\000a\000t\000f\000o\000r\000m}{subsection.2.1}% 4
\BOOKMARK [3][-]{subsubsection.2.1.2}{\376\377\000B\000r\000a\000i\000n}{subsection.2.1}% 5
\BOOKMARK [2][-]{subsection.2.2}{\376\377\000E\000m\000b\000e\000d\000d\000e\000d\000\040\000P\000l\000a\000t\000f\000o\000r\000m}{section.2}% 6
\BOOKMARK [3][-]{subsubsection.2.2.1}{\376\377\000P\000e\000r\000i\000p\000h\000e\000r\000a\000l}{subsection.2.2}% 7
\BOOKMARK [4][-]{paragraph.2.2.1.1}{\376\377\000I\0002\000C\000\040\000\050\000I\000n\000t\000e\000r\000-\000I\000n\000t\000e\000g\000r\000a\000t\000e\000d\000\040\000C\000i\000r\000c\000u\000i\000t\000\051}{subsubsection.2.2.1}% 8
\BOOKMARK [4][-]{paragraph.2.2.1.2}{\376\377\000P\000W\000M\000\040\000\050\000P\000u\000l\000s\000e\000\040\000W\000i\000d\000t\000h\000\040\000M\000o\000d\000u\000l\000a\000t\000i\000o\000n\000\051}{subsubsection.2.2.1}% 9
\BOOKMARK [4][-]{paragraph.2.2.1.3}{\376\377\000U\000A\000R\000T\000\040\000\050\000U\000n\000i\000v\000e\000r\000s\000a\000l\000\040\000A\000s\000y\000n\000c\000h\000r\000o\000n\000o\000u\000s\000\040\000R\000e\000c\000e\000i\000v\000e\000r\000/\000T\000r\000a\000n\000s\000m\000i\000t\000t\000e\000r\000\051}{subsubsection.2.2.1}% 10
\BOOKMARK [4][-]{paragraph.2.2.1.4}{\376\377\000R\000C\000C\000\040\000\050\000R\000e\000s\000e\000t\000\040\000a\000n\000d\000\040\000C\000l\000o\000c\000k\000\040\000C\000o\000n\000t\000r\000o\000l\000\051}{subsubsection.2.2.1}% 11
\BOOKMARK [4][-]{paragraph.2.2.1.5}{\376\377\000T\000i\000m\000e\000r}{subsubsection.2.2.1}% 12
\BOOKMARK [3][-]{subsubsection.2.2.2}{\376\377\000S\000e\000n\000s\000o\000r}{subsection.2.2}% 13
\BOOKMARK [4][-]{paragraph.2.2.2.1}{\376\377\000I\000M\000U\000:\000\040\000B\000N\000O\0000\0005\0005}{subsubsection.2.2.2}% 14
\BOOKMARK [4][-]{paragraph.2.2.2.2}{\376\377\000E\000n\000c\000o\000d\000e\000r\000:\000\040\000A\000S\0005\0006\0000\0000}{subsubsection.2.2.2}% 15
\BOOKMARK [3][-]{subsubsection.2.2.3}{\376\377\000A\000c\000t\000u\000a\000t\000o\000r}{subsection.2.2}% 16
\BOOKMARK [4][-]{paragraph.2.2.3.1}{\376\377\000S\000t\000e\000e\000r\000i\000n\000g\000:\000\040\0001\0008\0000\000\260\000\040\000P\000W\000M\000\040\000S\000e\000r\000v\000o}{subsubsection.2.2.3}% 17
\BOOKMARK [4][-]{paragraph.2.2.3.2}{\376\377\000P\000r\000o\000p\000u\000l\000s\000i\000o\000n\000:\000\040\000B\000r\000u\000s\000h\000l\000e\000s\000s\000\040\000M\000o\000t\000o\000r\000\040\000\046\000\040\000E\000S\000C}{subsubsection.2.2.3}% 18
\BOOKMARK [2][-]{subsection.2.3}{\376\377\000B\000r\000a\000i\000n}{section.2}% 19
\BOOKMARK [3][-]{subsubsection.2.3.1}{\376\377\000M\000o\000d\000u\000l\000e\000\040\000C\000o\000m\000m\000u\000n\000i\000c\000a\000t\000i\000o\000n}{subsection.2.3}% 20
\BOOKMARK [4][-]{paragraph.2.3.1.1}{\376\377\000K\000e\000r\000n\000e\000l}{subsubsection.2.3.1}% 21
\BOOKMARK [4][-]{paragraph.2.3.1.2}{\376\377\000I\000n\000t\000e\000r\000\040\000P\000r\000o\000c\000e\000s\000s\000\040\000C\000o\000m\000m\000u\000n\000i\000c\000a\000t\000i\000o\000n}{subsubsection.2.3.1}% 22
\BOOKMARK [4][-]{paragraph.2.3.1.3}{\376\377\000P\000u\000b\000/\000S\000u\000b\000\040\000M\000o\000d\000e\000l}{subsubsection.2.3.1}% 23
\BOOKMARK [4][-]{paragraph.2.3.1.4}{\376\377\000D\000r\000o\000p\000\040\000P\000o\000l\000i\000c\000y}{subsubsection.2.3.1}% 24
\BOOKMARK [4][-]{paragraph.2.3.1.5}{\376\377\000C\000\040\000A\000P\000I\000\040\000/\000\040\000C\000+\000+\000\040\000B\000i\000n\000d\000i\000n\000g}{subsubsection.2.3.1}% 25
\BOOKMARK [4][-]{paragraph.2.3.1.6}{\376\377\000P\000y\000t\000h\000o\000n\000\040\000B\000i\000n\000d\000i\000n\000g}{subsubsection.2.3.1}% 26
\BOOKMARK [4][-]{paragraph.2.3.1.7}{\376\377\000N\000o\000d\000e\000/\000T\000o\000p\000i\000c}{subsubsection.2.3.1}% 27
\BOOKMARK [3][-]{subsubsection.2.3.2}{\376\377\000I\000O}{subsection.2.3}% 28
\BOOKMARK [3][-]{subsubsection.2.3.3}{\376\377\000P\000e\000r\000c\000e\000p\000t\000i\000o\000n}{subsection.2.3}% 29
\BOOKMARK [4][-]{paragraph.2.3.3.1}{\376\377\000C\000a\000m\000e\000r\000a}{subsubsection.2.3.3}% 30
\BOOKMARK [4][-]{paragraph.2.3.3.2}{\376\377\000L\000a\000n\000e\000\040\000D\000e\000t\000e\000c\000t\000i\000o\000n}{subsubsection.2.3.3}% 31
\BOOKMARK [4][-]{paragraph.2.3.3.3}{\376\377\000O\000b\000j\000e\000c\000t\000\040\000D\000e\000t\000e\000c\000t\000i\000o\000n}{subsubsection.2.3.3}% 32
\BOOKMARK [4][-]{paragraph.2.3.3.4}{\376\377\000S\000t\000a\000t\000e}{subsubsection.2.3.3}% 33
\BOOKMARK [3][-]{subsubsection.2.3.4}{\376\377\000L\000o\000c\000a\000l\000i\000z\000a\000t\000i\000o\000n}{subsection.2.3}% 34
\BOOKMARK [3][-]{subsubsection.2.3.5}{\376\377\000P\000l\000a\000n\000n\000i\000n\000g}{subsection.2.3}% 35
\BOOKMARK [3][-]{subsubsection.2.3.6}{\376\377\000C\000o\000n\000t\000r\000o\000l}{subsection.2.3}% 36
\BOOKMARK [2][-]{subsection.2.4}{\376\377\000M\000o\000n\000i\000t\000o\000r}{section.2}% 37
\BOOKMARK [2][-]{subsection.2.5}{\376\377\000S\000i\000m\000u\000l\000a\000t\000i\000o\000n}{section.2}% 38
\BOOKMARK [1][-]{section.3}{\376\377\000S\000o\000u\000r\000c\000e\000\040\000\046\000\040\000D\000e\000s\000c\000r\000i\000p\000t\000i\000o\000n}{}% 39
